Wed Sep  4 22:34:24 2019:["lsp#register_server", "server registered", "clangd"]
Wed Sep  4 22:34:24 2019:["lsp#register_server", "server registered", "pyls"]
Wed Sep  4 22:34:24 2019:["vim-lsp signs requires patch-8.1.0772"]
Wed Sep  4 22:34:24 2019:["vim-lsp virtual text enabled"]
Wed Sep  4 22:34:24 2019:["vim-lsp highlighting enabled"]
Wed Sep  4 22:34:24 2019:["s:on_text_document_did_open()", 2, "nerdtree", "/Users/maedar/dotfiles/.config/nvim", "file:///Users/maedar/dotfiles/.config/nvim/NERD_tree_1"]
Wed Sep  4 22:34:24 2019:["s:on_text_document_did_change()", 2]
Wed Sep  4 22:34:24 2019:["s:send_didchange_queue() will be triggered"]
Wed Sep  4 22:34:25 2019:["s:on_text_document_did_close()", 2]
Wed Sep  4 22:34:26 2019:["s:on_text_document_did_close()", 1]
Wed Sep  4 22:34:29 2019:["lsp#register_server", "server registered", "clangd"]
Wed Sep  4 22:34:29 2019:["lsp#register_server", "server registered", "pyls"]
Wed Sep  4 22:34:29 2019:["vim-lsp signs requires patch-8.1.0772"]
Wed Sep  4 22:34:29 2019:["vim-lsp virtual text enabled"]
Wed Sep  4 22:34:29 2019:["vim-lsp highlighting enabled"]
Wed Sep  4 22:34:29 2019:["s:on_text_document_did_open()", 1, "cpp", "/Users/maedar/dotfiles/.config/nvim", "file:///Users/maedar/dotfiles/.config/nvim/test.cpp"]
Wed Sep  4 22:34:29 2019:[{"response": {"data": {"__data__": "vim-lsp", "lsp_id": 3, "server_name": "clangd"}, "message": "started lsp server successfully"}}]
Wed Sep  4 22:34:29 2019:["--->", 3, "clangd", {"method": "initialize", "params": {"rootUri": "file:///Users/maedar/dotfiles/.config/nvim", "capabilities": {"workspace": {"configuration": true, "applyEdit": true}}, "rootPath": "/Users/maedar/dotfiles/.config/nvim", "processId": 70980, "trace": "off"}}]
Wed Sep  4 22:34:29 2019:["<---(stderr)", 3, "clangd", ["I[22:34:29.385] <-- initialize(1)", ""]]
Wed Sep  4 22:34:29 2019:["<---(stderr)", 3, "clangd", ["I[22:34:29.386] --> reply:initialize(1) 0 ms", ""]]
Wed Sep  4 22:34:29 2019:["<---", 3, "clangd", {"response": {"id": 1, "jsonrpc": "2.0", "result": {"capabilities": {"executeCommandProvider": {"commands": ["clangd.applyFix"]}, "documentHighlightProvider": true, "hoverProvider": true, "definitionProvider": true, "referencesProvider": true, "signatureHelpProvider": {"triggerCharacters": ["(", ","]}, "codeActionProvider": true, "textDocumentSync": 2, "documentOnTypeFormattingProvider": {"moreTriggerCharacter": [], "firstTriggerCharacter": "}"}, "workspaceSymbolProvider": true, "documentRangeFormattingProvider": true, "documentFormattingProvider": true, "documentSymbolProvider": true, "renameProvider": true, "completionProvider": {"resolveProvider": false, "triggerCharacters": [".", ">", ":"]}}}}, "request": {"id": 1, "jsonrpc": "2.0", "method": "initialize", "params": {"rootUri": "file:///Users/maedar/dotfiles/.config/nvim", "capabilities": {"workspace": {"configuration": true, "applyEdit": true}}, "rootPath": "/Users/maedar/dotfiles/.config/nvim", "processId": 70980, "trace": "off"}}}]
Wed Sep  4 22:34:29 2019:["--->", 3, "clangd", {"method": "initialized", "params": {}}]
Wed Sep  4 22:34:29 2019:[{"response": {"data": {"__data__": "vim-lsp", "server_name": "clangd"}, "message": "configuration sent"}}]
Wed Sep  4 22:34:29 2019:["s:update_file_content()", 1]
Wed Sep  4 22:34:29 2019:["--->", 3, "clangd", {"method": "textDocument/didOpen", "params": {"textDocument": {"uri": "file:///Users/maedar/dotfiles/.config/nvim/test.cpp", "version": 1, "languageId": "cpp", "text": "#include <iostream>\n#include <vector>\nusing namespace std;\n\nint main() {\n  vector<int> foo;\n  foo.emplace_back(1);\n\n  return 0;\n}\n"}}}]
Wed Sep  4 22:34:29 2019:[{"response": {"data": {"path": "file:///Users/maedar/dotfiles/.config/nvim/test.cpp", "__data__": "vim-lsp", "filetype": "cpp", "server_name": "clangd"}, "message": "textDocument/open sent"}}]
Wed Sep  4 22:34:29 2019:[{"response": {"data": {"path": "file:///Users/maedar/dotfiles/.config/nvim/test.cpp", "__data__": "vim-lsp", "server_name": "clangd"}, "message": "not dirty"}}]
Wed Sep  4 22:34:29 2019:["<---(stderr)", 3, "clangd", ["I[22:34:29.387] <-- initialized", "I[22:34:29.387] unhandled notification initialized", "I[22:34:29.389] <-- textDocument/didOpen", "I[22:34:29.389] Failed to find compilation database for /Users/maedar/dotfiles/.config/nvim/test.cpp", "I[22:34:29.389] Updating file /Users/maedar/dotfiles/.config/nvim/test.cpp with command [/Users/maedar/dotfiles/.config/nvim] /usr/local/Cellar/llvm/8.0.1/bin/clang /Users/maedar/dotfiles/.config/nvim/test.cpp", ""]]
Wed Sep  4 22:34:29 2019:["<---(stderr)", 3, "clangd", ["I[22:34:29.763] Dropped diagnostic outside main file: /usr/local/Cellar/llvm/8.0.1/bin/../include/c++/v1/wchar.h: 'wchar.h' file not found", ""]]
Wed Sep  4 22:34:29 2019:["<---(stderr)", 3, "clangd", ["I[22:34:29.771] Dropped diagnostic outside main file: /usr/local/Cellar/llvm/8.0.1/bin/../include/c++/v1/memory: no member named 'value' in 'std::__1::__is_default_allocator<std::__1::allocator<int> >'", ""]]
Wed Sep  4 22:34:29 2019:["<---(stderr)", 3, "clangd", ["I[22:34:29.771] Dropped diagnostic outside main file: /usr/local/Cellar/llvm/8.0.1/bin/../include/c++/v1/memory: no member named 'value' in 'std::__1::__is_default_allocator<std::__1::allocator<int> >'", ""]]
Wed Sep  4 22:34:29 2019:["<---(stderr)", 3, "clangd", ["I[22:34:29.773] Dropped diagnostic outside main file: /usr/local/Cellar/llvm/8.0.1/bin/../include/c++/v1/vector: 'const_reference' is a protected member of 'std::__1::__vector_base<int, std::__1::allocator<int> >'", "I[22:34:29.773] Dropped diagnostic outside main file: /usr/local/Cellar/llvm/8.0.1/bin/../include/c++/v1/vector: 'difference_type' is a protected member of 'std::__1::__vector_base<int, std::__1::allocator<int> >'", "I[22:34:29.773] Dropped diagnostic outside main file: /usr/local/Cellar/llvm/8.0.1/bin/../include/c++/v1/vector: 'pointer' is a protected member of 'std::__1::__vector_base<int, std::__1::allocator<int> >'", ""]]
Wed Sep  4 22:34:29 2019:["<---(stderr)", 3, "clangd", ["I[22:34:29.773] Dropped diagnostic outside main file: /usr/local/Cellar/llvm/8.0.1/bin/../include/c++/v1/vector: 'const_pointer' is a protected member of 'std::__1::__vector_base<int, std::__1::allocator<int> >'", ""]]
Wed Sep  4 22:34:29 2019:["<---(stderr)", 3, "clangd", ["I[22:34:29.774] Dropped diagnostic outside main file: /usr/local/Cellar/llvm/8.0.1/bin/../include/c++/v1/vector: no member named 'value' in 'std::__1::is_same<int, int>'", ""]]
Wed Sep  4 22:34:29 2019:["<---(stderr)", 3, "clangd", ["I[22:34:29.774] --> textDocument/publishDiagnostics", ""]]
Wed Sep  4 22:34:29 2019:["<---", 3, "clangd", {"response": {"method": "textDocument/publishDiagnostics", "jsonrpc": "2.0", "params": {"diagnostics": [{"range": {"end": {"character": 58, "line": 1623}, "start": {"character": 53, "line": 1623}}, "message": "No member named 'value' in 'std::__1::__is_default_allocator<std::__1::allocator<int> >'\n\n/usr/local/Cellar/llvm/8.0.1/bin/../include/c++/v1/vector:332:22:\nnote: in instantiation of template class 'std::__1::allocator_traits<std::__1::allocator<int> >' requested here\n\n/usr/local/Cellar/llvm/8.0.1/bin/../include/c++/v1/vector:471:15:\nnote: in instantiation of template class 'std::__1::__vector_base<int, std::__1::allocator<int> >' requested here\n\ntest.cpp:6:15: note: in instantiation of template class 'std::__1::vector<int, std::__1::allocator<int> >' requested here", "severity": 1}, {"range": {"end": {"character": 17, "line": 5}, "start": {"character": 14, "line": 5}}, "message": "In instantiation of template class 'std::__1::vector<int, std::__1::allocator<int> >' requested here\n\n/usr/local/Cellar/llvm/8.0.1/bin/../include/c++/v1/memory:1624:54:\nerror: no member named 'value' in 'std::__1::__is_default_allocator<std::__1::allocator<int> >'", "severity": 3}, {"range": {"end": {"character": 50, "line": 338}, "start": {"character": 12, "line": 338}}, "message": "No type named 'const_pointer' in 'std::__1::allocator_traits<std::__1::allocator<int> >'\n\n/usr/local/Cellar/llvm/8.0.1/bin/../include/c++/v1/vector:471:15:\nnote: in instantiation of template class 'std::__1::__vector_base<int, std::__1::allocator<int> >' requested here\n\ntest.cpp:6:15: note: in instantiation of template class 'std::__1::vector<int, std::__1::allocator<int> >' requested here", "severity": 1}, {"range": {"end": {"character": 17, "line": 5}, "start": {"character": 14, "line": 5}}, "message": "In instantiation of template class 'std::__1::vector<int, std::__1::allocator<int> >' requested here\n\n/usr/local/Cellar/llvm/8.0.1/bin/../include/c++/v1/vector:339:13:\nerror: no type named 'const_pointer' in 'std::__1::allocator_traits<std::__1::allocator<int> >'", "severity": 3}, {"range": {"end": {"character": 42, "line": 2219}, "start": {"character": 37, "line": 2219}}, "message": "No member named 'value' in 'std::__1::is_same<int, std::__1::allocator<int> >'\n\n/usr/local/Cellar/llvm/8.0.1/bin/../include/c++/v1/vector:345:48:\nnote: in instantiation of template class 'std::__1::__compressed_pair<int, std::__1::allocator<int> >' requested here\n\n/usr/local/Cellar/llvm/8.0.1/bin/../include/c++/v1/vector:471:15:\nnote: in instantiation of template class 'std::__1::__vector_base<int, std::__1::allocator<int> >' requested here\n\ntest.cpp:6:15: note: in instantiation of template class 'std::__1::vector<int, std::__1::allocator<int> >' requested here", "severity": 1}, {"range": {"end": {"character": 17, "line": 5}, "start": {"character": 14, "line": 5}}, "message": "In instantiation of template class 'std::__1::vector<int, std::__1::allocator<int> >' requested here\n\n/usr/local/Cellar/llvm/8.0.1/bin/../include/c++/v1/memory:2220:38:\nerror: no member named 'value' in 'std::__1::is_same<int, std::__1::allocator<int> >'", "severity": 3}, {"range": {"end": {"character": 38, "line": 480}, "start": {"character": 29, "line": 480}}, "message": "'reference' is a protected member of 'std::__1::__vector_base<int, std::__1::allocator<int> >'\n\ntest.cpp:6:15: note: in instantiation of template class 'std::__1::vector<int, std::__1::allocator<int> >' requested here\n\n/usr/local/Cellar/llvm/8.0.1/bin/../include/c++/v1/vector:335:54:\nnote: declared protected here", "severity": 1}, {"range": {"end": {"character": 17, "line": 5}, "start": {"character": 14, "line": 5}}, "message": "In instantiation of template class 'std::__1::vector<int, std::__1::allocator<int> >' requested here\n\n/usr/local/Cellar/llvm/8.0.1/bin/../include/c++/v1/vector:481:30:\nerror: 'reference' is a protected member of 'std::__1::__vector_base<int, std::__1::allocator<int> >'", "severity": 3}], "uri": "file:///Users/maedar/dotfiles/.config/nvim/test.cpp"}}}]
Wed Sep  4 22:34:30 2019:[{"response": {"data": {"__data__": "vim-lsp", "server_name": "clangd"}, "message": "server already started"}}]
Wed Sep  4 22:34:30 2019:[{"response": {"data": {"__data__": "vim-lsp", "init_result": {"id": 1, "jsonrpc": "2.0", "result": {"capabilities": {"executeCommandProvider": {"commands": ["clangd.applyFix"]}, "documentHighlightProvider": true, "hoverProvider": true, "definitionProvider": true, "referencesProvider": true, "signatureHelpProvider": {"triggerCharacters": ["(", ","]}, "codeActionProvider": true, "textDocumentSync": 2, "documentOnTypeFormattingProvider": {"moreTriggerCharacter": [], "firstTriggerCharacter": "}"}, "workspaceSymbolProvider": true, "documentRangeFormattingProvider": true, "documentFormattingProvider": true, "documentSymbolProvider": true, "renameProvider": true, "completionProvider": {"resolveProvider": false, "triggerCharacters": [".", ">", ":"]}}}}, "server_name": "clangd"}, "message": "lsp server already initialized"}}]
Wed Sep  4 22:34:30 2019:[{"response": {"data": {"__data__": "vim-lsp", "server_name": "clangd"}, "message": "configuration sent"}}]
Wed Sep  4 22:34:30 2019:[{"response": {"data": {"path": "file:///Users/maedar/dotfiles/.config/nvim/test.cpp", "__data__": "vim-lsp", "server_name": "clangd"}, "message": "already opened"}}]
Wed Sep  4 22:34:30 2019:[{"response": {"data": {"path": "file:///Users/maedar/dotfiles/.config/nvim/test.cpp", "__data__": "vim-lsp", "server_name": "clangd"}, "message": "not dirty"}}]
Wed Sep  4 22:34:30 2019:["--->", 3, "clangd", {"method": "textDocument/documentHighlight", "on_notification": "---funcref---", "params": {"textDocument": {"uri": "file:///Users/maedar/dotfiles/.config/nvim/test.cpp"}, "position": {"character": 0, "line": 1}}}]
Wed Sep  4 22:34:30 2019:["<---(stderr)", 3, "clangd", ["I[22:34:30.613] <-- textDocument/documentHighlight(2)", "I[22:34:30.613] --> reply:textDocument/documentHighlight(2) 0 ms", ""]]
Wed Sep  4 22:34:30 2019:["<---", 3, "clangd", {"response": {"id": 2, "jsonrpc": "2.0", "result": []}, "request": {"id": 2, "jsonrpc": "2.0", "method": "textDocument/documentHighlight", "params": {"textDocument": {"uri": "file:///Users/maedar/dotfiles/.config/nvim/test.cpp"}, "position": {"character": 0, "line": 1}}}}]
Wed Sep  4 22:34:30 2019:[{"response": {"data": {"__data__": "vim-lsp", "server_name": "clangd"}, "message": "server already started"}}]
Wed Sep  4 22:34:30 2019:[{"response": {"data": {"__data__": "vim-lsp", "init_result": {"id": 1, "jsonrpc": "2.0", "result": {"capabilities": {"executeCommandProvider": {"commands": ["clangd.applyFix"]}, "documentHighlightProvider": true, "hoverProvider": true, "definitionProvider": true, "referencesProvider": true, "signatureHelpProvider": {"triggerCharacters": ["(", ","]}, "codeActionProvider": true, "textDocumentSync": 2, "documentOnTypeFormattingProvider": {"moreTriggerCharacter": [], "firstTriggerCharacter": "}"}, "workspaceSymbolProvider": true, "documentRangeFormattingProvider": true, "documentFormattingProvider": true, "documentSymbolProvider": true, "renameProvider": true, "completionProvider": {"resolveProvider": false, "triggerCharacters": [".", ">", ":"]}}}}, "server_name": "clangd"}, "message": "lsp server already initialized"}}]
Wed Sep  4 22:34:30 2019:[{"response": {"data": {"__data__": "vim-lsp", "server_name": "clangd"}, "message": "configuration sent"}}]
Wed Sep  4 22:34:30 2019:[{"response": {"data": {"path": "file:///Users/maedar/dotfiles/.config/nvim/test.cpp", "__data__": "vim-lsp", "server_name": "clangd"}, "message": "already opened"}}]
Wed Sep  4 22:34:30 2019:[{"response": {"data": {"path": "file:///Users/maedar/dotfiles/.config/nvim/test.cpp", "__data__": "vim-lsp", "server_name": "clangd"}, "message": "not dirty"}}]
Wed Sep  4 22:34:30 2019:["--->", 3, "clangd", {"method": "textDocument/documentHighlight", "on_notification": "---funcref---", "params": {"textDocument": {"uri": "file:///Users/maedar/dotfiles/.config/nvim/test.cpp"}, "position": {"character": 0, "line": 2}}}]
Wed Sep  4 22:34:30 2019:["<---(stderr)", 3, "clangd", ["I[22:34:30.862] <-- textDocument/documentHighlight(3)", "I[22:34:30.862] --> reply:textDocument/documentHighlight(3) 0 ms", ""]]
Wed Sep  4 22:34:30 2019:["<---", 3, "clangd", {"response": {"id": 3, "jsonrpc": "2.0", "result": []}, "request": {"id": 3, "jsonrpc": "2.0", "method": "textDocument/documentHighlight", "params": {"textDocument": {"uri": "file:///Users/maedar/dotfiles/.config/nvim/test.cpp"}, "position": {"character": 0, "line": 2}}}}]
Wed Sep  4 22:34:30 2019:[{"response": {"data": {"__data__": "vim-lsp", "server_name": "clangd"}, "message": "server already started"}}]
Wed Sep  4 22:34:30 2019:[{"response": {"data": {"__data__": "vim-lsp", "init_result": {"id": 1, "jsonrpc": "2.0", "result": {"capabilities": {"executeCommandProvider": {"commands": ["clangd.applyFix"]}, "documentHighlightProvider": true, "hoverProvider": true, "definitionProvider": true, "referencesProvider": true, "signatureHelpProvider": {"triggerCharacters": ["(", ","]}, "codeActionProvider": true, "textDocumentSync": 2, "documentOnTypeFormattingProvider": {"moreTriggerCharacter": [], "firstTriggerCharacter": "}"}, "workspaceSymbolProvider": true, "documentRangeFormattingProvider": true, "documentFormattingProvider": true, "documentSymbolProvider": true, "renameProvider": true, "completionProvider": {"resolveProvider": false, "triggerCharacters": [".", ">", ":"]}}}}, "server_name": "clangd"}, "message": "lsp server already initialized"}}]
Wed Sep  4 22:34:30 2019:[{"response": {"data": {"__data__": "vim-lsp", "server_name": "clangd"}, "message": "configuration sent"}}]
Wed Sep  4 22:34:30 2019:[{"response": {"data": {"path": "file:///Users/maedar/dotfiles/.config/nvim/test.cpp", "__data__": "vim-lsp", "server_name": "clangd"}, "message": "already opened"}}]
Wed Sep  4 22:34:30 2019:[{"response": {"data": {"path": "file:///Users/maedar/dotfiles/.config/nvim/test.cpp", "__data__": "vim-lsp", "server_name": "clangd"}, "message": "not dirty"}}]
Wed Sep  4 22:34:30 2019:["--->", 3, "clangd", {"method": "textDocument/documentHighlight", "on_notification": "---funcref---", "params": {"textDocument": {"uri": "file:///Users/maedar/dotfiles/.config/nvim/test.cpp"}, "position": {"character": 0, "line": 3}}}]
Wed Sep  4 22:34:30 2019:["<---(stderr)", 3, "clangd", ["I[22:34:30.896] <-- textDocument/documentHighlight(4)", "I[22:34:30.897] --> reply:textDocument/documentHighlight(4) 0 ms", ""]]
Wed Sep  4 22:34:30 2019:["<---", 3, "clangd", {"response": {"id": 4, "jsonrpc": "2.0", "result": []}, "request": {"id": 4, "jsonrpc": "2.0", "method": "textDocument/documentHighlight", "params": {"textDocument": {"uri": "file:///Users/maedar/dotfiles/.config/nvim/test.cpp"}, "position": {"character": 0, "line": 3}}}}]
Wed Sep  4 22:34:30 2019:[{"response": {"data": {"__data__": "vim-lsp", "server_name": "clangd"}, "message": "server already started"}}]
Wed Sep  4 22:34:30 2019:[{"response": {"data": {"__data__": "vim-lsp", "init_result": {"id": 1, "jsonrpc": "2.0", "result": {"capabilities": {"executeCommandProvider": {"commands": ["clangd.applyFix"]}, "documentHighlightProvider": true, "hoverProvider": true, "definitionProvider": true, "referencesProvider": true, "signatureHelpProvider": {"triggerCharacters": ["(", ","]}, "codeActionProvider": true, "textDocumentSync": 2, "documentOnTypeFormattingProvider": {"moreTriggerCharacter": [], "firstTriggerCharacter": "}"}, "workspaceSymbolProvider": true, "documentRangeFormattingProvider": true, "documentFormattingProvider": true, "documentSymbolProvider": true, "renameProvider": true, "completionProvider": {"resolveProvider": false, "triggerCharacters": [".", ">", ":"]}}}}, "server_name": "clangd"}, "message": "lsp server already initialized"}}]
Wed Sep  4 22:34:30 2019:[{"response": {"data": {"__data__": "vim-lsp", "server_name": "clangd"}, "message": "configuration sent"}}]
Wed Sep  4 22:34:30 2019:[{"response": {"data": {"path": "file:///Users/maedar/dotfiles/.config/nvim/test.cpp", "__data__": "vim-lsp", "server_name": "clangd"}, "message": "already opened"}}]
Wed Sep  4 22:34:30 2019:[{"response": {"data": {"path": "file:///Users/maedar/dotfiles/.config/nvim/test.cpp", "__data__": "vim-lsp", "server_name": "clangd"}, "message": "not dirty"}}]
Wed Sep  4 22:34:30 2019:["--->", 3, "clangd", {"method": "textDocument/documentHighlight", "on_notification": "---funcref---", "params": {"textDocument": {"uri": "file:///Users/maedar/dotfiles/.config/nvim/test.cpp"}, "position": {"character": 0, "line": 4}}}]
Wed Sep  4 22:34:30 2019:["<---(stderr)", 3, "clangd", ["I[22:34:30.931] <-- textDocument/documentHighlight(5)", "I[22:34:30.932] --> reply:textDocument/documentHighlight(5) 0 ms", ""]]
Wed Sep  4 22:34:30 2019:["<---", 3, "clangd", {"response": {"id": 5, "jsonrpc": "2.0", "result": []}, "request": {"id": 5, "jsonrpc": "2.0", "method": "textDocument/documentHighlight", "params": {"textDocument": {"uri": "file:///Users/maedar/dotfiles/.config/nvim/test.cpp"}, "position": {"character": 0, "line": 4}}}}]
Wed Sep  4 22:34:30 2019:[{"response": {"data": {"__data__": "vim-lsp", "server_name": "clangd"}, "message": "server already started"}}]
Wed Sep  4 22:34:30 2019:[{"response": {"data": {"__data__": "vim-lsp", "init_result": {"id": 1, "jsonrpc": "2.0", "result": {"capabilities": {"executeCommandProvider": {"commands": ["clangd.applyFix"]}, "documentHighlightProvider": true, "hoverProvider": true, "definitionProvider": true, "referencesProvider": true, "signatureHelpProvider": {"triggerCharacters": ["(", ","]}, "codeActionProvider": true, "textDocumentSync": 2, "documentOnTypeFormattingProvider": {"moreTriggerCharacter": [], "firstTriggerCharacter": "}"}, "workspaceSymbolProvider": true, "documentRangeFormattingProvider": true, "documentFormattingProvider": true, "documentSymbolProvider": true, "renameProvider": true, "completionProvider": {"resolveProvider": false, "triggerCharacters": [".", ">", ":"]}}}}, "server_name": "clangd"}, "message": "lsp server already initialized"}}]
Wed Sep  4 22:34:30 2019:[{"response": {"data": {"__data__": "vim-lsp", "server_name": "clangd"}, "message": "configuration sent"}}]
Wed Sep  4 22:34:30 2019:[{"response": {"data": {"path": "file:///Users/maedar/dotfiles/.config/nvim/test.cpp", "__data__": "vim-lsp", "server_name": "clangd"}, "message": "already opened"}}]
Wed Sep  4 22:34:30 2019:[{"response": {"data": {"path": "file:///Users/maedar/dotfiles/.config/nvim/test.cpp", "__data__": "vim-lsp", "server_name": "clangd"}, "message": "not dirty"}}]
Wed Sep  4 22:34:30 2019:["--->", 3, "clangd", {"method": "textDocument/documentHighlight", "on_notification": "---funcref---", "params": {"textDocument": {"uri": "file:///Users/maedar/dotfiles/.config/nvim/test.cpp"}, "position": {"character": 0, "line": 5}}}]
Wed Sep  4 22:34:30 2019:["<---(stderr)", 3, "clangd", ["I[22:34:30.967] <-- textDocument/documentHighlight(6)", "I[22:34:30.967] --> reply:textDocument/documentHighlight(6) 0 ms", ""]]
Wed Sep  4 22:34:30 2019:["<---", 3, "clangd", {"response": {"id": 6, "jsonrpc": "2.0", "result": []}, "request": {"id": 6, "jsonrpc": "2.0", "method": "textDocument/documentHighlight", "params": {"textDocument": {"uri": "file:///Users/maedar/dotfiles/.config/nvim/test.cpp"}, "position": {"character": 0, "line": 5}}}}]
Wed Sep  4 22:34:30 2019:[{"response": {"data": {"__data__": "vim-lsp", "server_name": "clangd"}, "message": "server already started"}}]
Wed Sep  4 22:34:30 2019:[{"response": {"data": {"__data__": "vim-lsp", "init_result": {"id": 1, "jsonrpc": "2.0", "result": {"capabilities": {"executeCommandProvider": {"commands": ["clangd.applyFix"]}, "documentHighlightProvider": true, "hoverProvider": true, "definitionProvider": true, "referencesProvider": true, "signatureHelpProvider": {"triggerCharacters": ["(", ","]}, "codeActionProvider": true, "textDocumentSync": 2, "documentOnTypeFormattingProvider": {"moreTriggerCharacter": [], "firstTriggerCharacter": "}"}, "workspaceSymbolProvider": true, "documentRangeFormattingProvider": true, "documentFormattingProvider": true, "documentSymbolProvider": true, "renameProvider": true, "completionProvider": {"resolveProvider": false, "triggerCharacters": [".", ">", ":"]}}}}, "server_name": "clangd"}, "message": "lsp server already initialized"}}]
Wed Sep  4 22:34:30 2019:[{"response": {"data": {"__data__": "vim-lsp", "server_name": "clangd"}, "message": "configuration sent"}}]
Wed Sep  4 22:34:30 2019:[{"response": {"data": {"path": "file:///Users/maedar/dotfiles/.config/nvim/test.cpp", "__data__": "vim-lsp", "server_name": "clangd"}, "message": "already opened"}}]
Wed Sep  4 22:34:30 2019:[{"response": {"data": {"path": "file:///Users/maedar/dotfiles/.config/nvim/test.cpp", "__data__": "vim-lsp", "server_name": "clangd"}, "message": "not dirty"}}]
Wed Sep  4 22:34:30 2019:["--->", 3, "clangd", {"method": "textDocument/documentHighlight", "on_notification": "---funcref---", "params": {"textDocument": {"uri": "file:///Users/maedar/dotfiles/.config/nvim/test.cpp"}, "position": {"character": 0, "line": 6}}}]
Wed Sep  4 22:34:30 2019:["<---(stderr)", 3, "clangd", ["I[22:34:30.998] <-- textDocument/documentHighlight(7)", "I[22:34:30.998] --> reply:textDocument/documentHighlight(7) 0 ms", ""]]
Wed Sep  4 22:34:30 2019:["<---", 3, "clangd", {"response": {"id": 7, "jsonrpc": "2.0", "result": []}, "request": {"id": 7, "jsonrpc": "2.0", "method": "textDocument/documentHighlight", "params": {"textDocument": {"uri": "file:///Users/maedar/dotfiles/.config/nvim/test.cpp"}, "position": {"character": 0, "line": 6}}}}]
Wed Sep  4 22:34:31 2019:["s:on_text_document_did_close()", 1]
Wed Sep  4 22:34:31 2019:["s:on_exit", 3, "clangd", "exited", 0]
Wed Sep  4 22:34:35 2019:["lsp#register_server", "server registered", "clangd"]
Wed Sep  4 22:34:35 2019:["lsp#register_server", "server registered", "pyls"]
Wed Sep  4 22:34:35 2019:["vim-lsp signs requires patch-8.1.0772"]
Wed Sep  4 22:34:35 2019:["vim-lsp virtual text enabled"]
Wed Sep  4 22:34:35 2019:["vim-lsp highlighting enabled"]
Wed Sep  4 22:34:35 2019:["s:on_text_document_did_open()", 1, "", "/Users/maedar/dotfiles/.config/nvim", "file:///Users/maedar/dotfiles/.config/nvim/lsp.log"]
Wed Sep  4 22:38:15 2019:["s:on_text_document_did_close()", 1]
